This is pdfTeX, Version 3.14159265-2.6-1.40.17 (TeX Live 2016) (preloaded format=pdflatex 2017.3.10)  17 DEC 2018 13:26
entering extended mode
 restricted \write18 enabled.
 file:line:error style messages enabled.
 %&-line parsing enabled.
**manuscript20180322.tex
(./manuscript20180322.tex
LaTeX2e <2017/01/01> patch level 3
Babel <3.9r> and hyphenation patterns for 83 language(s) loaded.
(/usr/local/texlive/2016/texmf-dist/tex/latex/revtex/revtex4-1.cls
Document Class: revtex4-1 2010/07/25/20:33:00 4.1r (http://publish.aps.org/revt
ex4/ for documentation)
 Copyright (c) 2009 The American Physical Society.
 mailto:revtex@aps.org
 Licensed under the LPPL:
http://www.ctan.org/tex-archive/macros/latex/base/lppl.txt
 Arthur Ogawa <arthur_ogawa at sbcglobal dot net>
 Based on work by David Carlisle <david at dcarlisle.demon.co.uk>.
ltxutil[2010/07/25/20:33:00 4.1r utilities package (portions licensed from W. E
. Baxter web at superscript.com)]
LaTeX Info: Redefining \@centercr on input line 308.
Class revtex4-1 Info: Repairing broken LaTeX eqnarray on input line 358.
\eqncolsep=\skip41
Class revtex4-1 Info: Repairing hyperref-unfriendly LaTeX definition of \mpfoot
note on input line 433.
Class revtex4-1 Info: Repairing broken LateX \@sect on input line 755.
\intertabularlinepenalty=\count79
\@tbpen=\count80
\@arstrutbox@hline=\box26
Class revtex4-1 Info: Repairing broken LaTeX \@xbitor on input line 1786.
Class revtex4-1 Info: Making \typeout \long on input line 2046.
ltxfront[2010/07/25/20:33:00 4.1r frontmatter package (AO,DPC)]
\c@affil=\count81
\c@collab=\count82
\absbox=\box27
ltxgrid[2010/07/25/20:33:00 4.1r page grid package (portions licensed from W. E
. Baxter web at superscript.com)]
\c@linecount=\count83
\output@latex=\toks14
\box@size@1=\box28
\box@size@2=\box29
\@protection@box=\box30
\@topmark@saved=\toks15
\footins@saved=\box31
\footins@recovered=\box32
\column@recovered=\box33
\pagesofar=\box34
\footsofar=\box35
\pagegrid@col=\count84
Class revtex4-1 Info: Overriding \@vspace, \@vspacer, \@no@pgbk, \@newline, and
 \\  on input line 5578.
\c@part=\count85
\c@section=\count86
\c@subsection=\count87
\c@subsubsection=\count88
\c@paragraph=\count89
\c@subparagraph=\count90
\abovecaptionskip=\skip42
\belowcaptionskip=\skip43
\c@figure=\count91
\fbox@1=\box36
\c@table=\count92
\fbox@2=\box37
\c@video=\count93
\fbox@4=\box38
\@bibdataout=\write3
\widetext@top=\box39
\widetext@bot=\box40
Class revtex4-1 Info: Selecting society aps on input line 7542.
(/usr/local/texlive/2016/texmf-dist/tex/latex/revtex/aps4-1.rtx
File: aps4-1 2010/07/25/20:33:00 4.1r (http://publish.aps.org/revtex4/ for docu
mentation)
Class revtex4-1 Info: RevTeX society APS selected on input line 31.
)
Class revtex4-1 Info: Selecting journal prl on input line 7544.
Class revtex4-1 Info: APS journal PRL selected on input line 7545.


Class revtex4-1 Warning: No type size specified, using default 10.

(/usr/local/texlive/2016/texmf-dist/tex/latex/revtex/aps10pt4-1.rtx
File: aps10pt4-1 2010/07/25/20:33:00 4.1r (http://publish.aps.org/revtex4/ for 
documentation)
Class revtex4-1 Info: RevTeX pointsize 10pt selected on input line 30.
)
(/usr/local/texlive/2016/texmf-dist/tex/latex/textcase/textcase.sty
Package: textcase 2004/10/07 v0.07 Text only upper/lower case changing (DPC)
)
(/usr/local/texlive/2016/texmf-dist/tex/latex/url/url.sty
\Urlmuskip=\muskip10
Package: url 2013/09/16  ver 3.4  Verb mode for urls, etc.
)
(/usr/local/texlive/2016/texmf-dist/tex/latex/natbib/natbib.sty
Package: natbib 2010/09/13 8.31b (PWD, AO)
\bibhang=\skip44
\bibsep=\skip45
LaTeX Info: Redefining \cite on input line 694.
\c@NAT@ctr=\count94
)
Class revtex4-1 Info: Repairing natbib's \BibitemShut on input line 7549.

(/usr/local/texlive/2016/texmf-dist/tex/latex/revtex/revsymb4-1.sty
Package: revsymb4-1 2010/07/25/20:33:00 4.1r (http://publish.aps.org/revtex4/ f
or documentation)
LaTeX Info: Redefining \REV@mathfrak on input line 119.
))
(/usr/local/texlive/2016/texmf-dist/tex/latex/graphics/graphicx.sty
Package: graphicx 2014/10/28 v1.0g Enhanced LaTeX Graphics (DPC,SPQR)

(/usr/local/texlive/2016/texmf-dist/tex/latex/graphics/keyval.sty
Package: keyval 2014/10/28 v1.15 key=value parser (DPC)
\KV@toks@=\toks16
)
(/usr/local/texlive/2016/texmf-dist/tex/latex/graphics/graphics.sty
Package: graphics 2016/05/09 v1.0r Standard LaTeX Graphics (DPC,SPQR)

(/usr/local/texlive/2016/texmf-dist/tex/latex/graphics/trig.sty
Package: trig 2016/01/03 v1.10 sin cos tan (DPC)
)
(/usr/local/texlive/2016/texmf-dist/tex/latex/graphics-cfg/graphics.cfg
File: graphics.cfg 2016/01/02 v1.10 sample graphics configuration
)
Package graphics Info: Driver file: pdftex.def on input line 96.

(/usr/local/texlive/2016/texmf-dist/tex/latex/pdftex-def/pdftex.def
File: pdftex.def 2011/05/27 v0.06d Graphics/color for pdfTeX

(/usr/local/texlive/2016/texmf-dist/tex/generic/oberdiek/infwarerr.sty
Package: infwarerr 2016/05/16 v1.4 Providing info/warning/error messages (HO)
)
(/usr/local/texlive/2016/texmf-dist/tex/generic/oberdiek/ltxcmds.sty
Package: ltxcmds 2016/05/16 v1.23 LaTeX kernel commands for general use (HO)
)
\Gread@gobject=\count95
))
\Gin@req@height=\dimen102
\Gin@req@width=\dimen103
)
(/usr/local/texlive/2016/texmf-dist/tex/latex/tools/dcolumn.sty
Package: dcolumn 2014/10/28 v1.06 decimal alignment package (DPC)

(/usr/local/texlive/2016/texmf-dist/tex/latex/tools/array.sty
Package: array 2014/10/28 v2.4c Tabular extension package (FMi)
\col@sep=\dimen104
\extrarowheight=\dimen105
\NC@list=\toks17
\extratabsurround=\skip46
\backup@length=\skip47
))
(/usr/local/texlive/2016/texmf-dist/tex/latex/tools/bm.sty
Package: bm 2016/02/27 v1.2a Bold Symbol Support (DPC/FMi)
\symboldoperators=\mathgroup4
\symboldletters=\mathgroup5
\symboldsymbols=\mathgroup6
LaTeX Font Info:    Redeclaring math alphabet \mathbf on input line 142.
LaTeX Info: Redefining \bm on input line 208.
)
(/usr/local/texlive/2016/texmf-dist/tex/latex/amsmath/amsmath.sty
Package: amsmath 2016/03/10 v2.15b AMS math features
\@mathmargin=\skip48

For additional information on amsmath, use the `?' option.
(/usr/local/texlive/2016/texmf-dist/tex/latex/amsmath/amstext.sty
Package: amstext 2000/06/29 v2.01 AMS text

(/usr/local/texlive/2016/texmf-dist/tex/latex/amsmath/amsgen.sty
File: amsgen.sty 1999/11/30 v2.0 generic functions
\@emptytoks=\toks18
\ex@=\dimen106
)
LaTeX Info: Redefining \text on input line 28.
)
(/usr/local/texlive/2016/texmf-dist/tex/latex/amsmath/amsbsy.sty
Package: amsbsy 1999/11/29 v1.2d Bold Symbols
LaTeX Info: Redefining \boldsymbol on input line 28.
\pmbraise@=\dimen107
)
(/usr/local/texlive/2016/texmf-dist/tex/latex/amsmath/amsopn.sty
Package: amsopn 2016/03/08 v2.02 operator names
)
\inf@bad=\count96
LaTeX Info: Redefining \frac on input line 199.
\uproot@=\count97
\leftroot@=\count98
LaTeX Info: Redefining \overline on input line 297.
\classnum@=\count99
\DOTSCASE@=\count100
LaTeX Info: Redefining \ldots on input line 394.
LaTeX Info: Redefining \dots on input line 397.
LaTeX Info: Redefining \cdots on input line 518.
\Mathstrutbox@=\box41
\strutbox@=\box42
\big@size=\dimen108
LaTeX Font Info:    Redeclaring font encoding OML on input line 634.
LaTeX Font Info:    Redeclaring font encoding OMS on input line 635.
\macc@depth=\count101
\c@MaxMatrixCols=\count102
\dotsspace@=\muskip11
\c@parentequation=\count103
\dspbrk@lvl=\count104
\tag@help=\toks19
\row@=\count105
\column@=\count106
\maxfields@=\count107
\andhelp@=\toks20
\eqnshift@=\dimen109
\alignsep@=\dimen110
\tagshift@=\dimen111
\tagwidth@=\dimen112
\totwidth@=\dimen113
\lineht@=\dimen114
\@envbody=\toks21
\multlinegap=\skip49
\multlinetaggap=\skip50
\mathdisplay@stack=\toks22
LaTeX Info: Redefining \[ on input line 2739.
LaTeX Info: Redefining \] on input line 2740.
)
(/usr/local/texlive/2016/texmf-dist/tex/latex/amsfonts/amsfonts.sty
Package: amsfonts 2013/01/14 v3.01 Basic AMSFonts support
\symAMSa=\mathgroup7
\symAMSb=\mathgroup8
LaTeX Font Info:    Overwriting math alphabet `\mathfrak' in version `bold'
(Font)                  U/euf/m/n --> U/euf/b/n on input line 106.
LaTeX Info: Redefining \frak on input line 111.
LaTeX Info: Redefining \Bbb on input line 113.
)
(/usr/local/texlive/2016/texmf-dist/tex/latex/amsfonts/amssymb.sty
Package: amssymb 2013/01/14 v3.01 AMS font symbols
)
(/usr/local/texlive/2016/texmf-dist/tex/latex/amscls/amsthm.sty
Package: amsthm 2015/03/04 v2.20.2
\thm@style=\toks23
\thm@bodyfont=\toks24
\thm@headfont=\toks25
\thm@notefont=\toks26
\thm@headpunct=\toks27
\thm@preskip=\skip51
\thm@postskip=\skip52
\thm@headsep=\skip53
\dth@everypar=\toks28
)
(/usr/local/texlive/2016/texmf-dist/tex/latex/base/newlfont.sty
Package: newlfont 1998/08/17 v2.2m Standard LaTeX package
LaTeX Info: Redefining \em on input line 57.

(/usr/local/texlive/2016/texmf-dist/tex/latex/base/latexsym.sty
Package: latexsym 1998/08/17 v2.2e Standard LaTeX package (lasy symbols)
\symlasy=\mathgroup9
LaTeX Font Info:    Overwriting symbol font `lasy' in version `bold'
(Font)                  U/lasy/m/n --> U/lasy/b/n on input line 52.
))
(/usr/local/texlive/2016/texmf-dist/tex/latex/graphics/color.sty
Package: color 2016/05/09 v1.1c Standard LaTeX Color (DPC)

(/usr/local/texlive/2016/texmf-dist/tex/latex/graphics-cfg/color.cfg
File: color.cfg 2016/01/02 v1.6 sample color configuration
)
Package color Info: Driver file: pdftex.def on input line 144.
)
(/usr/local/texlive/2016/texmf-dist/tex/latex/subfigure/subfigure.sty
Package: subfigure 2002/03/15 v2.1.5 subfigure package
\subfigtopskip=\skip54
\subfigcapskip=\skip55
\subfigcaptopadj=\dimen115
\subfigbottomskip=\skip56
\subfigcapmargin=\dimen116
\subfiglabelskip=\skip57
\c@subfigure=\count108
\c@lofdepth=\count109
\c@subtable=\count110
\c@lotdepth=\count111

****************************************
* Local config file subfigure.cfg used *
****************************************
(/usr/local/texlive/2016/texmf-dist/tex/latex/subfigure/subfigure.cfg)
\subfig@top=\skip58
\subfig@bottom=\skip59
)
Class revtex4-1 Info: Patching array package. on input line 19.
Class revtex4-1 Info: Robustifying \LaTeX's \boldmath command on input line 19.

Class revtex4-1 Info: cite was not loaded (OK!) on input line 19.
Class revtex4-1 Info: mcite was not loaded (OK!) on input line 19.
Class revtex4-1 Info: multicol was not loaded (OK!) on input line 19.

No file manuscript20180322.aux.
\openout1 = `manuscript20180322.aux'.

LaTeX Font Info:    Checking defaults for OML/cmm/m/it on input line 19.
LaTeX Font Info:    ... okay on input line 19.
LaTeX Font Info:    Checking defaults for T1/cmr/m/n on input line 19.
LaTeX Font Info:    ... okay on input line 19.
LaTeX Font Info:    Checking defaults for OT1/cmr/m/n on input line 19.
LaTeX Font Info:    ... okay on input line 19.
LaTeX Font Info:    Checking defaults for OMS/cmsy/m/n on input line 19.
LaTeX Font Info:    ... okay on input line 19.
LaTeX Font Info:    Checking defaults for OMX/cmex/m/n on input line 19.
LaTeX Font Info:    ... okay on input line 19.
LaTeX Font Info:    Checking defaults for U/cmr/m/n on input line 19.
LaTeX Font Info:    ... okay on input line 19.
(/usr/local/texlive/2016/texmf-dist/tex/context/base/mkii/supp-pdf.mkii
[Loading MPS to PDF converter (version 2006.09.02).]
\scratchcounter=\count112
\scratchdimen=\dimen117
\scratchbox=\box43
\nofMPsegments=\count113
\nofMParguments=\count114
\everyMPshowfont=\toks29
\MPscratchCnt=\count115
\MPscratchDim=\dimen118
\MPnumerator=\count116
\makeMPintoPDFobject=\count117
\everyMPtoPDFconversion=\toks30
) (/usr/local/texlive/2016/texmf-dist/tex/generic/oberdiek/pdftexcmds.sty
Package: pdftexcmds 2016/05/10 v0.21 Utility functions of pdfTeX for LuaTeX (HO
)

(/usr/local/texlive/2016/texmf-dist/tex/generic/oberdiek/ifluatex.sty
Package: ifluatex 2016/05/16 v1.4 Provides the ifluatex switch (HO)
Package ifluatex Info: LuaTeX not detected.
)
(/usr/local/texlive/2016/texmf-dist/tex/generic/oberdiek/ifpdf.sty
Package: ifpdf 2016/05/14 v3.1 Provides the ifpdf switch
)
Package pdftexcmds Info: LuaTeX not detected.
Package pdftexcmds Info: \pdf@primitive is available.
Package pdftexcmds Info: \pdf@ifprimitive is available.
Package pdftexcmds Info: \pdfdraftmode found.
)
(/usr/local/texlive/2016/texmf-dist/tex/latex/oberdiek/epstopdf-base.sty
Package: epstopdf-base 2016/05/15 v2.6 Base part for package epstopdf

(/usr/local/texlive/2016/texmf-dist/tex/latex/oberdiek/grfext.sty
Package: grfext 2016/05/16 v1.2 Manage graphics extensions (HO)

(/usr/local/texlive/2016/texmf-dist/tex/generic/oberdiek/kvdefinekeys.sty
Package: kvdefinekeys 2016/05/16 v1.4 Define keys (HO)
))
(/usr/local/texlive/2016/texmf-dist/tex/latex/oberdiek/kvoptions.sty
Package: kvoptions 2016/05/16 v3.12 Key value format for package options (HO)

(/usr/local/texlive/2016/texmf-dist/tex/generic/oberdiek/kvsetkeys.sty
Package: kvsetkeys 2016/05/16 v1.17 Key value parser (HO)

(/usr/local/texlive/2016/texmf-dist/tex/generic/oberdiek/etexcmds.sty
Package: etexcmds 2016/05/16 v1.6 Avoid name clashes with e-TeX commands (HO)
Package etexcmds Info: Could not find \expanded.
(etexcmds)             That can mean that you are not using pdfTeX 1.50 or
(etexcmds)             that some package has redefined \expanded.
(etexcmds)             In the latter case, load this package earlier.
)))
Package grfext Info: Graphics extension search list:
(grfext)             [.png,.pdf,.jpg,.mps,.jpeg,.jbig2,.jb2,.PNG,.PDF,.JPG,.JPE
G,.JBIG2,.JB2,.eps]
(grfext)             \AppendGraphicsExtensions on input line 456.

(/usr/local/texlive/2016/texmf-dist/tex/latex/latexconfig/epstopdf-sys.cfg
File: epstopdf-sys.cfg 2010/07/13 v1.3 Configuration of (r)epstopdf for TeX Liv
e
))
\openout3 = `manuscript20180322Notes.bib'.

LaTeX Font Info:    Try loading font information for U+msa on input line 38.

(/usr/local/texlive/2016/texmf-dist/tex/latex/amsfonts/umsa.fd
File: umsa.fd 2013/01/14 v3.01 AMS symbols A
)
LaTeX Font Info:    Try loading font information for U+msb on input line 38.

(/usr/local/texlive/2016/texmf-dist/tex/latex/amsfonts/umsb.fd
File: umsb.fd 2013/01/14 v3.01 AMS symbols B
)
LaTeX Font Info:    Try loading font information for U+lasy on input line 38.

(/usr/local/texlive/2016/texmf-dist/tex/latex/base/ulasy.fd
File: ulasy.fd 1998/08/17 v2.2e LaTeX symbol font definitions
)

Class revtex4-1 Warning: If you want your PACS to appear in your output, use do
cument class option showpacs.


Package natbib Warning: Citation `Matsumoto2002' on page 1 undefined on input l
ine 44.

Missing character: There is no ‚ in font cmr10!
Missing character: There is no Ä in font cmr10!
Missing character: There is no ì in font cmr10!

Package natbib Warning: Citation `Sanz2004' on page 1 undefined on input line 5
4.


Package natbib Warning: Citation `Bryk2002' on page 1 undefined on input line 5
4.


Package natbib Warning: Citation `Horn2005' on page 1 undefined on input line 5
4.


Package natbib Warning: Citation `Gonzalez2010' on page 1 undefined on input li
ne 54.


Package natbib Warning: Citation `Kumar2012' on page 1 undefined on input line 
54.


Package natbib Warning: Citation `Sedlmeier2011' on page 1 undefined on input l
ine 54.


Package natbib Warning: Citation `Vega2007' on page 1 undefined on input line 5
4.


Package natbib Warning: Citation `Yu2013' on page 1 undefined on input line 54.



Package natbib Warning: Citation `Himoto2011' on page 1 undefined on input line
 54.


Package natbib Warning: Citation `Hui√ümann2012' on page 1 undefined on input l
ine 54.


Package natbib Warning: Citation `Molinero2009' on page 1 undefined on input li
ne 54.


Package natbib Warning: Citation `Marrink2004Coarse' on page 1 undefined on inp
ut line 54.


Package natbib Warning: Citation `Gao2000' on page 1 undefined on input line 54
.


Package natbib Warning: Citation `Bryk2002' on page 1 undefined on input line 5
4.


Package natbib Warning: Citation `Sanz2004' on page 1 undefined on input line 5
4.


Package natbib Warning: Citation `Mishima1998' on page 1 undefined on input lin
e 54.


Package natbib Warning: Citation `Moore2011' on page 1 undefined on input line 
54.


Package natbib Warning: Citation `Molinero2009' on page 1 undefined on input li
ne 54.


LaTeX Warning: Reference `table:water model' on page 1 undefined on input line 
54.

[1{/usr/local/texlive/2016/texmf-var/fonts/map/pdftex/updmap/pdftex.map}]

Package natbib Warning: Citation `Xu2012' on page 2 undefined on input line 58.


Missing character: There is no ‚ in font cmr10!
Missing character: There is no à in font cmr10!
Missing character: There is no í in font cmr10!
Missing character: There is no ‚ in font cmr10!
Missing character: There is no à in font cmr10!
Missing character: There is no í in font cmr10!
Missing character: There is no ‚ in font cmr10!
Missing character: There is no â in font cmr10!
Missing character: There is no ° in font cmr10!
Missing character: There is no ‚ in font cmr10!
Missing character: There is no â in font cmr10!
Missing character: There is no ° in font cmr10!
Missing character: There is no ‚ in font cmr10!
Missing character: There is no à in font cmr10!
Missing character: There is no í in font cmr10!
Missing character: There is no ‚ in font cmr10!
Missing character: There is no à in font cmr10!
Missing character: There is no í in font cmr10!
Missing character: There is no ‚ in font cmr10!
Missing character: There is no â in font cmr10!
Missing character: There is no ° in font cmr10!
Missing character: There is no ‚ in font cmr10!
Missing character: There is no â in font cmr10!
Missing character: There is no ° in font cmr10!
Missing character: There is no ‚ in font cmr10!
Missing character: There is no à in font cmr10!
Missing character: There is no í in font cmr10!

Package natbib Warning: Citation `Xu2012' on page 2 undefined on input line 82.



Package natbib Warning: Citation `Xu2015' on page 2 undefined on input line 82.



LaTeX Warning: Command \r invalid in math mode on input line 85.


LaTeX Warning: Command \r invalid in math mode on input line 85.


LaTeX Warning: Command \r invalid in math mode on input line 85.


LaTeX Warning: Command \r invalid in math mode on input line 85.


LaTeX Warning: Command \r invalid in math mode on input line 85.


LaTeX Warning: Command \r invalid in math mode on input line 85.


LaTeX Warning: Reference `fig:PTtemp-mw' on page 2 undefined on input line 87.


LaTeX Warning: Command \r invalid in math mode on input line 87.


LaTeX Warning: Command \r invalid in math mode on input line 87.


LaTeX Warning: Command \r invalid in math mode on input line 87.


LaTeX Warning: Command \r invalid in math mode on input line 87.


LaTeX Warning: Command \r invalid in math mode on input line 87.


LaTeX Warning: Command \r invalid in math mode on input line 87.


LaTeX Warning: Command \r invalid in math mode on input line 87.


LaTeX Warning: Command \r invalid in math mode on input line 87.


LaTeX Warning: Command \r invalid in math mode on input line 87.


Package natbib Warning: Citation `Xu2012' on page 2 undefined on input line 89.


Missing character: There is no √ in font cmr10!
Missing character: There is no © in font cmr10!
Missing character: There is no ‚ in font cmr10!
Missing character: There is no à in font cmr10!
Missing character: There is no í in font cmr10!

Package natbib Warning: Citation `Nose1984' on page 2 undefined on input line 8
9.


Package natbib Warning: Citation `Hoover1985' on page 2 undefined on input line
 89.

Missing character: There is no √ in font cmr10!
Missing character: There is no Ö in font cmr10!
Missing character: There is no √ in font cmr10!
Missing character: There is no Ö in font cmr10!

Package natbib Warning: Citation `Molinero2009' on page 2 undefined on input li
ne 89.


Package natbib Warning: Citation `Conde2017' on page 2 undefined on input line 
91.


Package natbib Warning: Citation `Sanz2004' on page 2 undefined on input line 9
1.


Package natbib Warning: Citation `Watanabe2012' on page 2 undefined on input li
ne 91.


LaTeX Warning: Reference `fig:conformation' on page 2 undefined on input line 9
1.


LaTeX Warning: Reference `fig:evolution' on page 2 undefined on input line 91.

<conf.png, id=15, 421.575pt x 542.025pt>
File: conf.png Graphic file (type png)
 <use conf.png>
Package pdftex.def Info: conf.png used on input line 93.
(pdftex.def)             Requested size: 255.0pt x 327.8641pt.

Overfull \hbox (9.0pt too wide) in paragraph at lines 93--94
 [][] 
 []

[2]

LaTeX Warning: Reference `fig:evolution' on page 3 undefined on input line 98.


LaTeX Warning: Reference `fig:PTtemp-mw' on page 3 undefined on input line 98.


Package natbib Warning: Citation `Molinero2009' on page 3 undefined on input li
ne 98.

<PoteScan.png, id=24, 289.08pt x 289.08pt>
File: PoteScan.png Graphic file (type png)
 <use PoteScan.png>
Package pdftex.def Info: PoteScan.png used on input line 100.
(pdftex.def)             Requested size: 255.0pt x 254.9999pt.

Overfull \hbox (9.0pt too wide) in paragraph at lines 100--101
 [][] 
 []

<PTtemp-mw.png, id=25, 289.08pt x 289.08pt>
File: PTtemp-mw.png Graphic file (type png)
 <use PTtemp-mw.png>
Package pdftex.def Info: PTtemp-mw.png used on input line 105.
(pdftex.def)             Requested size: 255.0pt x 254.9999pt.

Overfull \hbox (9.0pt too wide) in paragraph at lines 105--106
 [][] 
 []


Package natbib Warning: Citation `Molinero2009' on page 3 undefined on input li
ne 107.


Package natbib Warning: Citation `Molinero2009' on page 3 undefined on input li
ne 107.


LaTeX Warning: Command \r invalid in math mode on input line 109.


LaTeX Warning: Command \r invalid in math mode on input line 109.


LaTeX Warning: Command \r invalid in math mode on input line 109.


LaTeX Warning: Command \r invalid in math mode on input line 109.


LaTeX Warning: Command \r invalid in math mode on input line 109.


LaTeX Warning: Command \r invalid in math mode on input line 109.


LaTeX Warning: Command \r invalid in math mode on input line 109.


LaTeX Warning: Command \r invalid in math mode on input line 109.


LaTeX Warning: Command \r invalid in math mode on input line 109.


LaTeX Warning: Reference `fig:sizeeffect' on page 3 undefined on input line 109
.


LaTeX Warning: Reference `fig:evolution' on page 3 undefined on input line 109.


<size_effect.png, id=26, 289.08pt x 289.08pt>
File: size_effect.png Graphic file (type png)
 <use size_effect.png>
Package pdftex.def Info: size_effect.png used on input line 112.
(pdftex.def)             Requested size: 255.0pt x 254.9999pt.

Overfull \hbox (9.0pt too wide) in paragraph at lines 112--113
 [][] 
 []


LaTeX Warning: Reference `fig:PTtemp-mw' on page 3 undefined on input line 114.



LaTeX Warning: Command \r invalid in math mode on input line 114.


LaTeX Warning: Command \r invalid in math mode on input line 114.


LaTeX Warning: Command \r invalid in math mode on input line 114.


LaTeX Warning: Command \r invalid in math mode on input line 114.


LaTeX Warning: Command \r invalid in math mode on input line 114.


LaTeX Warning: Command \r invalid in math mode on input line 114.


LaTeX Warning: Command \r invalid in math mode on input line 114.


LaTeX Warning: Command \r invalid in math mode on input line 114.


LaTeX Warning: Command \r invalid in math mode on input line 114.


LaTeX Warning: Reference `fig:PTtemp-mw' on page 3 undefined on input line 114.



LaTeX Warning: Command \r invalid in math mode on input line 114.


LaTeX Warning: Command \r invalid in math mode on input line 114.


LaTeX Warning: Command \r invalid in math mode on input line 114.


LaTeX Warning: Command \r invalid in math mode on input line 114.


LaTeX Warning: Command \r invalid in math mode on input line 114.


LaTeX Warning: Command \r invalid in math mode on input line 114.


LaTeX Warning: Command \r invalid in math mode on input line 114.


LaTeX Warning: Command \r invalid in math mode on input line 114.


LaTeX Warning: Command \r invalid in math mode on input line 114.


LaTeX Warning: Reference `table:PTtemp' on page 3 undefined on input line 118.


Package natbib Warning: Citation `Abascal2005' on page 3 undefined on input lin
e 118.

[3 <./conf.png> <./PoteScan.png>]

LaTeX Warning: A float is stuck (cannot be placed); try class option [floatfix]
 on input line 125.

<PoteScan-2005.png, id=32, 289.08pt x 289.08pt>
File: PoteScan-2005.png Graphic file (type png)
 <use PoteScan-2005.png>
Package pdftex.def Info: PoteScan-2005.png used on input line 132.
(pdftex.def)             Requested size: 255.0pt x 254.9999pt.

Overfull \hbox (9.0pt too wide) in paragraph at lines 132--133
 [][] 
 []

<PTtemp-2005.png, id=33, 289.08pt x 289.08pt>
File: PTtemp-2005.png Graphic file (type png)
 <use PTtemp-2005.png>
Package pdftex.def Info: PTtemp-2005.png used on input line 137.
(pdftex.def)             Requested size: 255.0pt x 254.9999pt.

Overfull \hbox (9.0pt too wide) in paragraph at lines 137--138
 [][] 
 []

<PoteScan-ice.png, id=34, 289.08pt x 289.08pt>
File: PoteScan-ice.png Graphic file (type png)
 <use PoteScan-ice.png>
Package pdftex.def Info: PoteScan-ice.png used on input line 143.
(pdftex.def)             Requested size: 255.0pt x 254.9999pt.

Overfull \hbox (9.0pt too wide) in paragraph at lines 143--144
 [][] 
 []

<PTtemp-ice.png, id=35, 289.08pt x 289.08pt>
File: PTtemp-ice.png Graphic file (type png)
 <use PTtemp-ice.png>
Package pdftex.def Info: PTtemp-ice.png used on input line 148.
(pdftex.def)             Requested size: 255.0pt x 254.9999pt.

Overfull \hbox (9.0pt too wide) in paragraph at lines 148--149
 [][] 
 []


Overfull \hbox (6.31598pt too wide) in paragraph at lines 179--194
 []$[]$ 
 []

No file manuscript20180322.bbl.

Package natbib Warning: There were undefined citations.

[4 <./PTtemp-mw.png>] [5 <./size_effect.png> <./PoteScan-2005.png>] [6 <./PTtem
p-2005.png> <./PoteScan-ice.png>] [7 <./PTtemp-ice.png>]
(./manuscript20180322.aux)

LaTeX Warning: There were undefined references.


LaTeX Warning: Label(s) may have changed. Rerun to get cross-references right .


 ) 
Here is how much of TeX's memory you used:
 4863 strings out of 493013
 64734 string characters out of 6133343
 146433 words of memory out of 5000000
 8300 multiletter control sequences out of 15000+600000
 14524 words of font info for 57 fonts, out of 8000000 for 9000
 1141 hyphenation exceptions out of 8191
 37i,11n,29p,1461b,325s stack positions out of 5000i,500n,10000p,200000b,80000s
</usr/local/texlive/2016/texmf-dist/fonts/type1/public/amsfonts/cm/cmbx10.pfb
></usr/local/texlive/2016/texmf-dist/fonts/type1/public/amsfonts/cm/cmbx12.pfb>
</usr/local/texlive/2016/texmf-dist/fonts/type1/public/amsfonts/cm/cmbx9.pfb></
usr/local/texlive/2016/texmf-dist/fonts/type1/public/amsfonts/cm/cmex10.pfb></u
sr/local/texlive/2016/texmf-dist/fonts/type1/public/amsfonts/cm/cmmi10.pfb></us
r/local/texlive/2016/texmf-dist/fonts/type1/public/amsfonts/cm/cmmi6.pfb></usr/
local/texlive/2016/texmf-dist/fonts/type1/public/amsfonts/cm/cmmi7.pfb></usr/lo
cal/texlive/2016/texmf-dist/fonts/type1/public/amsfonts/cm/cmmi9.pfb></usr/loca
l/texlive/2016/texmf-dist/fonts/type1/public/amsfonts/cm/cmr10.pfb></usr/local/
texlive/2016/texmf-dist/fonts/type1/public/amsfonts/cm/cmr6.pfb></usr/local/tex
live/2016/texmf-dist/fonts/type1/public/amsfonts/cm/cmr7.pfb></usr/local/texliv
e/2016/texmf-dist/fonts/type1/public/amsfonts/cm/cmr9.pfb></usr/local/texlive/2
016/texmf-dist/fonts/type1/public/amsfonts/cm/cmsy10.pfb></usr/local/texlive/20
16/texmf-dist/fonts/type1/public/amsfonts/cm/cmsy6.pfb></usr/local/texlive/2016
/texmf-dist/fonts/type1/public/amsfonts/cm/cmsy7.pfb></usr/local/texlive/2016/t
exmf-dist/fonts/type1/public/amsfonts/cm/cmsy9.pfb></usr/local/texlive/2016/tex
mf-dist/fonts/type1/public/amsfonts/cm/cmti9.pfb>
Output written on manuscript20180322.pdf (7 pages, 918975 bytes).
PDF statistics:
 113 PDF objects out of 1000 (max. 8388607)
 70 compressed objects within 1 object stream
 0 named destinations out of 1000 (max. 500000)
 41 words of extra memory for PDF output out of 10000 (max. 10000000)

